{
  "stats": {
    "suites": 4,
    "tests": 3,
    "passes": 2,
    "pending": 0,
    "failures": 1,
    "start": "2026-07-01T00:38:22.676Z",
    "end": "2026-07-01T00:38:22.798Z",
    "duration": 122,
    "testsRegistered": 3,
    "passPercent": 66.66666666666666,
    "pendingPercent": 0,
    "other": 0,
    "hasOther": false,
    "skipped": 0,
    "hasSkipped": false
  },
  "results": [
    {
      "uuid": "f1a17079-64a8-472c-ac94-1e72d8e72551",
      "title": "",
      "fullFile": "",
      "file": "",
      "beforeHooks": [],
      "afterHooks": [],
      "tests": [],
      "suites": [
        {
          "uuid": "d480c15f-9873-4558-aadb-86fbb509f708",
          "title": "Login",
          "fullFile": "C:\\projetos\\banco-api-tests\\test\\login.test.js",
          "file": "\\test\\login.test.js",
          "beforeHooks": [],
          "afterHooks": [],
          "tests": [],
          "suites": [
            {
              "uuid": "93d48609-9205-4f1f-856c-d5d363d1fc69",
              "title": "POST/login",
              "fullFile": "C:\\projetos\\banco-api-tests\\test\\login.test.js",
              "file": "\\test\\login.test.js",
              "beforeHooks": [],
              "afterHooks": [],
              "tests": [
                {
                  "title": "Deve retornar 200 com token em string quando usar credenciais válidas",
                  "fullTitle": "Login POST/login Deve retornar 200 com token em string quando usar credenciais válidas",
                  "timedOut": false,
                  "duration": 65,
                  "state": "passed",
                  "speed": "medium",
                  "pass": true,
                  "fail": false,
                  "pending": false,
                  "context": null,
                  "code": "const resposta = await request(process.env.BASE_URL)\n    .post('/login')\n    .set('Content-Type', 'application/json')\n    .send({\n       'username': 'julio.lima',\n        'senha': '123456'\n     })\n expect(resposta.status).to.equal(200);\n expect(resposta.body.token).to.be.a('string')",
                  "err": {},
                  "uuid": "b04bd118-66e1-4e54-868d-e3e3b9f45663",
                  "parentUUID": "93d48609-9205-4f1f-856c-d5d363d1fc69",
                  "isHook": false,
                  "skipped": false
                }
              ],
              "suites": [],
              "passes": [
                "b04bd118-66e1-4e54-868d-e3e3b9f45663"
              ],
              "failures": [],
              "pending": [],
              "skipped": [],
              "duration": 65,
              "root": false,
              "rootEmpty": false,
              "_timeout": 20000
            }
          ],
          "passes": [],
          "failures": [],
          "pending": [],
          "skipped": [],
          "duration": 0,
          "root": false,
          "rootEmpty": false,
          "_timeout": 20000
        },
        {
          "uuid": "9288d8c5-010d-4d40-9588-1f32d109d502",
          "title": "Transferencias",
          "fullFile": "C:\\projetos\\banco-api-tests\\test\\transferencia.test.js",
          "file": "\\test\\transferencia.test.js",
          "beforeHooks": [],
          "afterHooks": [],
          "tests": [],
          "suites": [
            {
              "uuid": "1ea3a396-0827-412d-8222-ba3cba1e1c2a",
              "title": "POST /transferencias",
              "fullFile": "C:\\projetos\\banco-api-tests\\test\\transferencia.test.js",
              "file": "\\test\\transferencia.test.js",
              "beforeHooks": [],
              "afterHooks": [],
              "tests": [
                {
                  "title": "Deve retornar sucesso com 201 quando o valor da transferência for igual ou acima de R$ 10,00",
                  "fullTitle": "Transferencias POST /transferencias Deve retornar sucesso com 201 quando o valor da transferência for igual ou acima de R$ 10,00",
                  "timedOut": false,
                  "duration": 26,
                  "state": "failed",
                  "speed": null,
                  "pass": false,
                  "fail": true,
                  "pending": false,
                  "context": null,
                  "code": "const token = await obterToken('julio.lima', '123456');\nconst resposta = await request(process.env.BASE_URL)\n    .post('/transferencias')\n    .set('Content-Type', 'application/json')\n    .set('Authorization', `Bearer ${token}`)\n    .send({\n        conta_origem: 1,\n        conta_destino: 2,\n        valor: 11,\n        token: \"\"\n    });\nexpect(resposta.status).to.equal(201);",
                  "err": {
                    "message": "AssertionError: expected 404 to equal 201",
                    "estack": "AssertionError: expected 404 to equal 201\n    at Context.<anonymous> (test\\transferencia.test.js:23:40)\n    at process.processTicksAndRejections (node:internal/process/task_queues:104:5)",
                    "diff": "- 404\n+ 201\n"
                  },
                  "uuid": "851d2d0a-790b-4237-a902-28daa36e405f",
                  "parentUUID": "1ea3a396-0827-412d-8222-ba3cba1e1c2a",
                  "isHook": false,
                  "skipped": false
                },
                {
                  "title": "Deve retornar falha com 422 quando o valor da transferência for abaixo de R$ 10,00",
                  "fullTitle": "Transferencias POST /transferencias Deve retornar falha com 422 quando o valor da transferência for abaixo de R$ 10,00",
                  "timedOut": false,
                  "duration": 16,
                  "state": "passed",
                  "speed": "fast",
                  "pass": true,
                  "fail": false,
                  "pending": false,
                  "context": null,
                  "code": "const token = await obterToken('julio.lima', '123456');\nconst resposta = await request('http://localhost:3000')\n    .post('/transferencias')\n    .set('Content-Type', 'application/json')\n    .set('Authorization', `Bearer ${token}`)\n    .send({\n        conta_origem: 1,\n        conta_destino: 2,\n        valor: 7,\n        token: \"\"\n    });\nexpect(resposta.status).to.equal(422);",
                  "err": {},
                  "uuid": "a338ffc0-cbea-44a1-bd20-83de252d6516",
                  "parentUUID": "1ea3a396-0827-412d-8222-ba3cba1e1c2a",
                  "isHook": false,
                  "skipped": false
                }
              ],
              "suites": [],
              "passes": [
                "a338ffc0-cbea-44a1-bd20-83de252d6516"
              ],
              "failures": [
                "851d2d0a-790b-4237-a902-28daa36e405f"
              ],
              "pending": [],
              "skipped": [],
              "duration": 42,
              "root": false,
              "rootEmpty": false,
              "_timeout": 20000
            }
          ],
          "passes": [],
          "failures": [],
          "pending": [],
          "skipped": [],
          "duration": 0,
          "root": false,
          "rootEmpty": false,
          "_timeout": 20000
        }
      ],
      "passes": [],
      "failures": [],
      "pending": [],
      "skipped": [],
      "duration": 0,
      "root": true,
      "rootEmpty": true,
      "_timeout": 20000
    }
  ],
  "meta": {
    "mocha": {
      "version": "11.7.6"
    },
    "mochawesome": {
      "options": {
        "quiet": false,
        "reportFilename": "mochawesome",
        "saveHtml": true,
        "saveJson": true,
        "consoleReporter": "spec",
        "useInlineDiffs": false,
        "code": true
      },
      "version": "7.1.4"
    },
    "marge": {
      "options": null,
      "version": "6.3.2"
    }
  }
}