{
  "stats": {
    "suites": 4,
    "tests": 3,
    "passes": 2,
    "pending": 0,
    "failures": 1,
    "start": "2026-07-05T15:23:15.661Z",
    "end": "2026-07-05T15:23:15.765Z",
    "duration": 104,
    "testsRegistered": 3,
    "passPercent": 66.66666666666666,
    "pendingPercent": 0,
    "other": 0,
    "hasOther": false,
    "skipped": 0,
    "hasSkipped": false
  },
  "results": [
    {
      "uuid": "2f6bf177-9494-431b-948f-356a21b119ff",
      "title": "",
      "fullFile": "",
      "file": "",
      "beforeHooks": [],
      "afterHooks": [],
      "tests": [],
      "suites": [
        {
          "uuid": "fe946f11-8f4d-4574-a5ac-5b32b305a122",
          "title": "Login",
          "fullFile": "C:\\projetos\\banco-api-tests\\test\\login.test.js",
          "file": "\\test\\login.test.js",
          "beforeHooks": [],
          "afterHooks": [],
          "tests": [],
          "suites": [
            {
              "uuid": "d9230869-8db3-4218-95aa-67e95117f939",
              "title": "POST/login",
              "fullFile": "C:\\projetos\\banco-api-tests\\test\\login.test.js",
              "file": "\\test\\login.test.js",
              "beforeHooks": [],
              "afterHooks": [],
              "tests": [
                {
                  "title": "Deve retornar 200 com token em string quando usar credenciais válidas",
                  "fullTitle": "Login POST/login Deve retornar 200 com token em string quando usar credenciais válidas",
                  "timedOut": false,
                  "duration": 64,
                  "state": "passed",
                  "speed": "medium",
                  "pass": true,
                  "fail": false,
                  "pending": false,
                  "context": null,
                  "code": "const bodyLogin = { ...postLogin}\nconst resposta = await request(process.env.BASE_URL)\n   .post('/login')\n   .set('Content-Type', 'application/json')\n   .send(bodyLogin)\n   \nexpect(resposta.status).to.equal(200);\nexpect(resposta.body.token).to.be.a('string')",
                  "err": {},
                  "uuid": "13a26bdb-8830-434b-95cd-6a43102ab2de",
                  "parentUUID": "d9230869-8db3-4218-95aa-67e95117f939",
                  "isHook": false,
                  "skipped": false
                }
              ],
              "suites": [],
              "passes": [
                "13a26bdb-8830-434b-95cd-6a43102ab2de"
              ],
              "failures": [],
              "pending": [],
              "skipped": [],
              "duration": 64,
              "root": false,
              "rootEmpty": false,
              "_timeout": 20000
            }
          ],
          "passes": [],
          "failures": [],
          "pending": [],
          "skipped": [],
          "duration": 0,
          "root": false,
          "rootEmpty": false,
          "_timeout": 20000
        },
        {
          "uuid": "9497c0c3-e1b4-40b8-b6a5-9ba1ca2b6b77",
          "title": "Transferencias",
          "fullFile": "C:\\projetos\\banco-api-tests\\test\\transferencia.test.js",
          "file": "\\test\\transferencia.test.js",
          "beforeHooks": [],
          "afterHooks": [],
          "tests": [],
          "suites": [
            {
              "uuid": "47d8c0e3-a0a0-4f52-ad5e-6e49a19966bc",
              "title": "POST /transferencias",
              "fullFile": "C:\\projetos\\banco-api-tests\\test\\transferencia.test.js",
              "file": "\\test\\transferencia.test.js",
              "beforeHooks": [
                {
                  "title": "\"before each\" hook in \"POST /transferencias\"",
                  "fullTitle": "Transferencias POST /transferencias \"before each\" hook in \"POST /transferencias\"",
                  "timedOut": false,
                  "duration": 8,
                  "state": null,
                  "speed": null,
                  "pass": false,
                  "fail": false,
                  "pending": false,
                  "context": null,
                  "code": "token = await obterToken('julio.lima', '123456');",
                  "err": {},
                  "uuid": "399ca0f8-cdc1-4af6-a272-59965a93d80b",
                  "parentUUID": "47d8c0e3-a0a0-4f52-ad5e-6e49a19966bc",
                  "isHook": true,
                  "skipped": false
                }
              ],
              "afterHooks": [],
              "tests": [
                {
                  "title": "Deve retornar sucesso com 201 quando o valor da transferência for igual ou acima de R$ 10,00",
                  "fullTitle": "Transferencias POST /transferencias Deve retornar sucesso com 201 quando o valor da transferência for igual ou acima de R$ 10,00",
                  "timedOut": false,
                  "duration": 9,
                  "state": "failed",
                  "speed": null,
                  "pass": false,
                  "fail": true,
                  "pending": false,
                  "context": null,
                  "code": "const bodyTransferencia = { ...postTransferencia}\nbodyTransferencia.valor = 15\nconst resposta = await request(process.env.BASE_URL)\n    .post('/transferencias')\n    .set('Content-Type', 'application/json')\n    .set('Authorization', `Bearer ${token}`)\n    .send(bodyTransferencia)               \nexpect(resposta.status).to.equal(201)",
                  "err": {
                    "message": "AssertionError: expected 404 to equal 201",
                    "estack": "AssertionError: expected 404 to equal 201\n    at Context.<anonymous> (test\\transferencia.test.js:24:40)\n    at process.processTicksAndRejections (node:internal/process/task_queues:104:5)",
                    "diff": "- 404\n+ 201\n"
                  },
                  "uuid": "78d8a598-630d-4d45-9ad7-3c7bb1ec99fa",
                  "parentUUID": "47d8c0e3-a0a0-4f52-ad5e-6e49a19966bc",
                  "isHook": false,
                  "skipped": false
                },
                {
                  "title": "Deve retornar falha com 422 quando o valor da transferência for abaixo de R$ 10,00",
                  "fullTitle": "Transferencias POST /transferencias Deve retornar falha com 422 quando o valor da transferência for abaixo de R$ 10,00",
                  "timedOut": false,
                  "duration": 4,
                  "state": "passed",
                  "speed": "fast",
                  "pass": true,
                  "fail": false,
                  "pending": false,
                  "context": null,
                  "code": "const bodyTransferencia = { ...postTransferencia}\nbodyTransferencia.valor = 7;\n           \nconst resposta = await request(process.env.BASE_URL)\n    .post('/transferencias')\n    .set('Content-Type', 'application/json')\n    .set('Authorization', `Bearer ${token}`)\n    .send(bodyTransferencia)\nexpect(resposta.status).to.equal(422)",
                  "err": {},
                  "uuid": "6f22b0f5-0582-478c-8a49-39f77cb74b1f",
                  "parentUUID": "47d8c0e3-a0a0-4f52-ad5e-6e49a19966bc",
                  "isHook": false,
                  "skipped": false
                }
              ],
              "suites": [],
              "passes": [
                "6f22b0f5-0582-478c-8a49-39f77cb74b1f"
              ],
              "failures": [
                "78d8a598-630d-4d45-9ad7-3c7bb1ec99fa"
              ],
              "pending": [],
              "skipped": [],
              "duration": 13,
              "root": false,
              "rootEmpty": false,
              "_timeout": 20000
            }
          ],
          "passes": [],
          "failures": [],
          "pending": [],
          "skipped": [],
          "duration": 0,
          "root": false,
          "rootEmpty": false,
          "_timeout": 20000
        }
      ],
      "passes": [],
      "failures": [],
      "pending": [],
      "skipped": [],
      "duration": 0,
      "root": true,
      "rootEmpty": true,
      "_timeout": 20000
    }
  ],
  "meta": {
    "mocha": {
      "version": "11.7.6"
    },
    "mochawesome": {
      "options": {
        "quiet": false,
        "reportFilename": "mochawesome",
        "saveHtml": true,
        "saveJson": true,
        "consoleReporter": "spec",
        "useInlineDiffs": false,
        "code": true
      },
      "version": "7.1.4"
    },
    "marge": {
      "options": null,
      "version": "6.3.2"
    }
  }
}